<?xml version="1.0" encoding="UTF-8"?>
<testsuite xmlns:xsi="http://www.w3.org/2001/XMLSchema-instance" xsi:noNamespaceSchemaLocation="https://maven.apache.org/surefire/maven-surefire-plugin/xsd/surefire-test-report-3.0.xsd" version="3.0" name="com.fitness.aifitness.controller.MlProxyControllerTest" time="8.585" tests="1" errors="0" skipped="0" failures="0">
  <properties>
    <property name="java.specification.version" value="17"/>
    <property name="sun.cpu.isalist" value="amd64"/>
    <property name="sun.jnu.encoding" value="Cp1252"/>
    <property name="java.class.path" value="C:\Users\rishi\Documents\gymproject\Backend\target\test-classes;C:\Users\rishi\Documents\gymproject\Backend\target\classes;C:\Users\rishi\.m2\repository\org\springframework\boot\spring-boot-starter-web\3.2.0\spring-boot-starter-web-3.2.0.jar;C:\Users\rishi\.m2\repository\org\springframework\boot\spring-boot-starter\3.2.0\spring-boot-starter-3.2.0.jar;C:\Users\rishi\.m2\repository\org\springframework\boot\spring-boot-starter-logging\3.2.0\spring-boot-starter-logging-3.2.0.jar;C:\Users\rishi\.m2\repository\ch\qos\logback\logback-classic\1.4.11\logback-classic-1.4.11.jar;C:\Users\rishi\.m2\repository\ch\qos\logback\logback-core\1.4.11\logback-core-1.4.11.jar;C:\Users\rishi\.m2\repository\org\apache\logging\log4j\log4j-to-slf4j\2.21.1\log4j-to-slf4j-2.21.1.jar;C:\Users\rishi\.m2\repository\org\apache\logging\log4j\log4j-api\2.21.1\log4j-api-2.21.1.jar;C:\Users\rishi\.m2\repository\org\slf4j\jul-to-slf4j\2.0.9\jul-to-slf4j-2.0.9.jar;C:\Users\rishi\.m2\repository\jakarta\annotation\jakarta.annotation-api\2.1.1\jakarta.annotation-api-2.1.1.jar;C:\Users\rishi\.m2\repository\org\yaml\snakeyaml\2.2\snakeyaml-2.2.jar;C:\Users\rishi\.m2\repository\org\springframework\boot\spring-boot-starter-json\3.2.0\spring-boot-starter-json-3.2.0.jar;C:\Users\rishi\.m2\repository\com\fasterxml\jackson\datatype\jackson-datatype-jdk8\2.15.3\jackson-datatype-jdk8-2.15.3.jar;C:\Users\rishi\.m2\repository\com\fasterxml\jackson\datatype\jackson-datatype-jsr310\2.15.3\jackson-datatype-jsr310-2.15.3.jar;C:\Users\rishi\.m2\repository\com\fasterxml\jackson\module\jackson-module-parameter-names\2.15.3\jackson-module-parameter-names-2.15.3.jar;C:\Users\rishi\.m2\repository\org\springframework\boot\spring-boot-starter-tomcat\3.2.0\spring-boot-starter-tomcat-3.2.0.jar;C:\Users\rishi\.m2\repository\org\apache\tomcat\embed\tomcat-embed-core\10.1.16\tomcat-embed-core-10.1.16.jar;C:\Users\rishi\.m2\repository\org\apache\tomcat\embed\tomcat-embed-websocket\10.1.16\tomcat-embed-websocket-10.1.16.jar;C:\Users\rishi\.m2\repository\org\springframework\spring-web\6.1.1\spring-web-6.1.1.jar;C:\Users\rishi\.m2\repository\org\springframework\spring-beans\6.1.1\spring-beans-6.1.1.jar;C:\Users\rishi\.m2\repository\io\micrometer\micrometer-observation\1.12.0\micrometer-observation-1.12.0.jar;C:\Users\rishi\.m2\repository\io\micrometer\micrometer-commons\1.12.0\micrometer-commons-1.12.0.jar;C:\Users\rishi\.m2\repository\org\springframework\spring-webmvc\6.1.1\spring-webmvc-6.1.1.jar;C:\Users\rishi\.m2\repository\org\springframework\spring-context\6.1.1\spring-context-6.1.1.jar;C:\Users\rishi\.m2\repository\org\springframework\spring-expression\6.1.1\spring-expression-6.1.1.jar;C:\Users\rishi\.m2\repository\org\springframework\boot\spring-boot-starter-data-jpa\3.2.0\spring-boot-starter-data-jpa-3.2.0.jar;C:\Users\rishi\.m2\repository\org\springframework\boot\spring-boot-starter-aop\3.2.0\spring-boot-starter-aop-3.2.0.jar;C:\Users\rishi\.m2\repository\org\aspectj\aspectjweaver\1.9.20.1\aspectjweaver-1.9.20.1.jar;C:\Users\rishi\.m2\repository\org\springframework\boot\spring-boot-starter-jdbc\3.2.0\spring-boot-starter-jdbc-3.2.0.jar;C:\Users\rishi\.m2\repository\com\zaxxer\HikariCP\5.0.1\HikariCP-5.0.1.jar;C:\Users\rishi\.m2\repository\org\springframework\spring-jdbc\6.1.1\spring-jdbc-6.1.1.jar;C:\Users\rishi\.m2\repository\org\hibernate\orm\hibernate-core\6.3.1.Final\hibernate-core-6.3.1.Final.jar;C:\Users\rishi\.m2\repository\jakarta\persistence\jakarta.persistence-api\3.1.0\jakarta.persistence-api-3.1.0.jar;C:\Users\rishi\.m2\repository\jakarta\transaction\jakarta.transaction-api\2.0.1\jakarta.transaction-api-2.0.1.jar;C:\Users\rishi\.m2\repository\org\jboss\logging\jboss-logging\3.5.3.Final\jboss-logging-3.5.3.Final.jar;C:\Users\rishi\.m2\repository\org\hibernate\common\hibernate-commons-annotations\6.0.6.Final\hibernate-commons-annotations-6.0.6.Final.jar;C:\Users\rishi\.m2\repository\io\smallrye\jandex\3.1.2\jandex-3.1.2.jar;C:\Users\rishi\.m2\repository\com\fasterxml\classmate\1.6.0\classmate-1.6.0.jar;C:\Users\rishi\.m2\repository\net\bytebuddy\byte-buddy\1.14.10\byte-buddy-1.14.10.jar;C:\Users\rishi\.m2\repository\org\glassfish\jaxb\jaxb-runtime\4.0.4\jaxb-runtime-4.0.4.jar;C:\Users\rishi\.m2\repository\org\glassfish\jaxb\jaxb-core\4.0.4\jaxb-core-4.0.4.jar;C:\Users\rishi\.m2\repository\org\eclipse\angus\angus-activation\2.0.1\angus-activation-2.0.1.jar;C:\Users\rishi\.m2\repository\org\glassfish\jaxb\txw2\4.0.4\txw2-4.0.4.jar;C:\Users\rishi\.m2\repository\com\sun\istack\istack-commons-runtime\4.1.2\istack-commons-runtime-4.1.2.jar;C:\Users\rishi\.m2\repository\jakarta\inject\jakarta.inject-api\2.0.1\jakarta.inject-api-2.0.1.jar;C:\Users\rishi\.m2\repository\org\antlr\antlr4-runtime\4.10.1\antlr4-runtime-4.10.1.jar;C:\Users\rishi\.m2\repository\org\springframework\data\spring-data-jpa\3.2.0\spring-data-jpa-3.2.0.jar;C:\Users\rishi\.m2\repository\org\springframework\data\spring-data-commons\3.2.0\spring-data-commons-3.2.0.jar;C:\Users\rishi\.m2\repository\org\springframework\spring-orm\6.1.1\spring-orm-6.1.1.jar;C:\Users\rishi\.m2\repository\org\springframework\spring-tx\6.1.1\spring-tx-6.1.1.jar;C:\Users\rishi\.m2\repository\org\slf4j\slf4j-api\2.0.9\slf4j-api-2.0.9.jar;C:\Users\rishi\.m2\repository\org\springframework\spring-aspects\6.1.1\spring-aspects-6.1.1.jar;C:\Users\rishi\.m2\repository\org\springframework\boot\spring-boot-starter-security\3.2.0\spring-boot-starter-security-3.2.0.jar;C:\Users\rishi\.m2\repository\org\springframework\spring-aop\6.1.1\spring-aop-6.1.1.jar;C:\Users\rishi\.m2\repository\org\springframework\security\spring-security-config\6.2.0\spring-security-config-6.2.0.jar;C:\Users\rishi\.m2\repository\org\springframework\security\spring-security-web\6.2.0\spring-security-web-6.2.0.jar;C:\Users\rishi\.m2\repository\org\springframework\boot\spring-boot-starter-validation\3.2.0\spring-boot-starter-validation-3.2.0.jar;C:\Users\rishi\.m2\repository\org\apache\tomcat\embed\tomcat-embed-el\10.1.16\tomcat-embed-el-10.1.16.jar;C:\Users\rishi\.m2\repository\org\hibernate\validator\hibernate-validator\8.0.1.Final\hibernate-validator-8.0.1.Final.jar;C:\Users\rishi\.m2\repository\jakarta\validation\jakarta.validation-api\3.0.2\jakarta.validation-api-3.0.2.jar;C:\Users\rishi\.m2\repository\com\h2database\h2\2.2.224\h2-2.2.224.jar;C:\Users\rishi\.m2\repository\io\jsonwebtoken\jjwt-api\0.12.3\jjwt-api-0.12.3.jar;C:\Users\rishi\.m2\repository\io\jsonwebtoken\jjwt-impl\0.12.3\jjwt-impl-0.12.3.jar;C:\Users\rishi\.m2\repository\io\jsonwebtoken\jjwt-jackson\0.12.3\jjwt-jackson-0.12.3.jar;C:\Users\rishi\.m2\repository\com\fasterxml\jackson\core\jackson-databind\2.15.3\jackson-databind-2.15.3.jar;C:\Users\rishi\.m2\repository\com\fasterxml\jackson\core\jackson-annotations\2.15.3\jackson-annotations-2.15.3.jar;C:\Users\rishi\.m2\repository\com\fasterxml\jackson\core\jackson-core\2.15.3\jackson-core-2.15.3.jar;C:\Users\rishi\.m2\repository\org\springdoc\springdoc-openapi-starter-webmvc-ui\2.2.0\springdoc-openapi-starter-webmvc-ui-2.2.0.jar;C:\Users\rishi\.m2\repository\org\springdoc\springdoc-openapi-starter-webmvc-api\2.2.0\springdoc-openapi-starter-webmvc-api-2.2.0.jar;C:\Users\rishi\.m2\repository\org\springdoc\springdoc-openapi-starter-common\2.2.0\springdoc-openapi-starter-common-2.2.0.jar;C:\Users\rishi\.m2\repository\io\swagger\core\v3\swagger-core-jakarta\2.2.15\swagger-core-jakarta-2.2.15.jar;C:\Users\rishi\.m2\repository\org\apache\commons\commons-lang3\3.13.0\commons-lang3-3.13.0.jar;C:\Users\rishi\.m2\repository\io\swagger\core\v3\swagger-annotations-jakarta\2.2.15\swagger-annotations-jakarta-2.2.15.jar;C:\Users\rishi\.m2\repository\io\swagger\core\v3\swagger-models-jakarta\2.2.15\swagger-models-jakarta-2.2.15.jar;C:\Users\rishi\.m2\repository\com\fasterxml\jackson\dataformat\jackson-dataformat-yaml\2.15.3\jackson-dataformat-yaml-2.15.3.jar;C:\Users\rishi\.m2\repository\org\webjars\swagger-ui\5.2.0\swagger-ui-5.2.0.jar;C:\Users\rishi\.m2\repository\org\springframework\boot\spring-boot-starter-webflux\3.2.0\spring-boot-starter-webflux-3.2.0.jar;C:\Users\rishi\.m2\repository\org\springframework\boot\spring-boot-starter-reactor-netty\3.2.0\spring-boot-starter-reactor-netty-3.2.0.jar;C:\Users\rishi\.m2\repository\io\projectreactor\netty\reactor-netty-http\1.1.13\reactor-netty-http-1.1.13.jar;C:\Users\rishi\.m2\repository\io\netty\netty-codec-http\4.1.101.Final\netty-codec-http-4.1.101.Final.jar;C:\Users\rishi\.m2\repository\io\netty\netty-common\4.1.101.Final\netty-common-4.1.101.Final.jar;C:\Users\rishi\.m2\repository\io\netty\netty-buffer\4.1.101.Final\netty-buffer-4.1.101.Final.jar;C:\Users\rishi\.m2\repository\io\netty\netty-transport\4.1.101.Final\netty-transport-4.1.101.Final.jar;C:\Users\rishi\.m2\repository\io\netty\netty-codec\4.1.101.Final\netty-codec-4.1.101.Final.jar;C:\Users\rishi\.m2\repository\io\netty\netty-handler\4.1.101.Final\netty-handler-4.1.101.Final.jar;C:\Users\rishi\.m2\repository\io\netty\netty-codec-http2\4.1.101.Final\netty-codec-http2-4.1.101.Final.jar;C:\Users\rishi\.m2\repository\io\netty\netty-resolver-dns\4.1.101.Final\netty-resolver-dns-4.1.101.Final.jar;C:\Users\rishi\.m2\repository\io\netty\netty-resolver\4.1.101.Final\netty-resolver-4.1.101.Final.jar;C:\Users\rishi\.m2\repository\io\netty\netty-codec-dns\4.1.101.Final\netty-codec-dns-4.1.101.Final.jar;C:\Users\rishi\.m2\repository\io\netty\netty-resolver-dns-native-macos\4.1.101.Final\netty-resolver-dns-native-macos-4.1.101.Final-osx-x86_64.jar;C:\Users\rishi\.m2\repository\io\netty\netty-resolver-dns-classes-macos\4.1.101.Final\netty-resolver-dns-classes-macos-4.1.101.Final.jar;C:\Users\rishi\.m2\repository\io\netty\netty-transport-native-epoll\4.1.101.Final\netty-transport-native-epoll-4.1.101.Final-linux-x86_64.jar;C:\Users\rishi\.m2\repository\io\netty\netty-transport-native-unix-common\4.1.101.Final\netty-transport-native-unix-common-4.1.101.Final.jar;C:\Users\rishi\.m2\repository\io\netty\netty-transport-classes-epoll\4.1.101.Final\netty-transport-classes-epoll-4.1.101.Final.jar;C:\Users\rishi\.m2\repository\io\projectreactor\netty\reactor-netty-core\1.1.13\reactor-netty-core-1.1.13.jar;C:\Users\rishi\.m2\repository\io\netty\netty-handler-proxy\4.1.101.Final\netty-handler-proxy-4.1.101.Final.jar;C:\Users\rishi\.m2\repository\io\netty\netty-codec-socks\4.1.101.Final\netty-codec-socks-4.1.101.Final.jar;C:\Users\rishi\.m2\repository\org\springframework\spring-webflux\6.1.1\spring-webflux-6.1.1.jar;C:\Users\rishi\.m2\repository\io\projectreactor\reactor-core\3.6.0\reactor-core-3.6.0.jar;C:\Users\rishi\.m2\repository\org\reactivestreams\reactive-streams\1.0.4\reactive-streams-1.0.4.jar;C:\Users\rishi\.m2\repository\org\springframework\boot\spring-boot-starter-test\3.2.0\spring-boot-starter-test-3.2.0.jar;C:\Users\rishi\.m2\repository\org\springframework\boot\spring-boot-test\3.2.0\spring-boot-test-3.2.0.jar;C:\Users\rishi\.m2\repository\org\springframework\boot\spring-boot-test-autoconfigure\3.2.0\spring-boot-test-autoconfigure-3.2.0.jar;C:\Users\rishi\.m2\repository\com\jayway\jsonpath\json-path\2.8.0\json-path-2.8.0.jar;C:\Users\rishi\.m2\repository\jakarta\xml\bind\jakarta.xml.bind-api\4.0.1\jakarta.xml.bind-api-4.0.1.jar;C:\Users\rishi\.m2\repository\jakarta\activation\jakarta.activation-api\2.1.2\jakarta.activation-api-2.1.2.jar;C:\Users\rishi\.m2\repository\net\minidev\json-smart\2.5.0\json-smart-2.5.0.jar;C:\Users\rishi\.m2\repository\net\minidev\accessors-smart\2.5.0\accessors-smart-2.5.0.jar;C:\Users\rishi\.m2\repository\org\ow2\asm\asm\9.3\asm-9.3.jar;C:\Users\rishi\.m2\repository\org\assertj\assertj-core\3.24.2\assertj-core-3.24.2.jar;C:\Users\rishi\.m2\repository\org\awaitility\awaitility\4.2.0\awaitility-4.2.0.jar;C:\Users\rishi\.m2\repository\org\hamcrest\hamcrest\2.2\hamcrest-2.2.jar;C:\Users\rishi\.m2\repository\org\junit\jupiter\junit-jupiter\5.10.1\junit-jupiter-5.10.1.jar;C:\Users\rishi\.m2\repository\org\junit\jupiter\junit-jupiter-api\5.10.1\junit-jupiter-api-5.10.1.jar;C:\Users\rishi\.m2\repository\org\opentest4j\opentest4j\1.3.0\opentest4j-1.3.0.jar;C:\Users\rishi\.m2\repository\org\junit\platform\junit-platform-commons\1.10.1\junit-platform-commons-1.10.1.jar;C:\Users\rishi\.m2\repository\org\apiguardian\apiguardian-api\1.1.2\apiguardian-api-1.1.2.jar;C:\Users\rishi\.m2\repository\org\junit\jupiter\junit-jupiter-params\5.10.1\junit-jupiter-params-5.10.1.jar;C:\Users\rishi\.m2\repository\org\junit\jupiter\junit-jupiter-engine\5.10.1\junit-jupiter-engine-5.10.1.jar;C:\Users\rishi\.m2\repository\org\junit\platform\junit-platform-engine\1.10.1\junit-platform-engine-1.10.1.jar;C:\Users\rishi\.m2\repository\org\mockito\mockito-core\5.7.0\mockito-core-5.7.0.jar;C:\Users\rishi\.m2\repository\net\bytebuddy\byte-buddy-agent\1.14.10\byte-buddy-agent-1.14.10.jar;C:\Users\rishi\.m2\repository\org\objenesis\objenesis\3.3\objenesis-3.3.jar;C:\Users\rishi\.m2\repository\org\mockito\mockito-junit-jupiter\5.7.0\mockito-junit-jupiter-5.7.0.jar;C:\Users\rishi\.m2\repository\org\skyscreamer\jsonassert\1.5.1\jsonassert-1.5.1.jar;C:\Users\rishi\.m2\repository\com\vaadin\external\google\android-json\0.0.20131108.vaadin1\android-json-0.0.20131108.vaadin1.jar;C:\Users\rishi\.m2\repository\org\springframework\spring-core\6.1.1\spring-core-6.1.1.jar;C:\Users\rishi\.m2\repository\org\springframework\spring-jcl\6.1.1\spring-jcl-6.1.1.jar;C:\Users\rishi\.m2\repository\org\springframework\spring-test\6.1.1\spring-test-6.1.1.jar;C:\Users\rishi\.m2\repository\org\xmlunit\xmlunit-core\2.9.1\xmlunit-core-2.9.1.jar;C:\Users\rishi\.m2\repository\org\springframework\security\spring-security-test\6.2.0\spring-security-test-6.2.0.jar;C:\Users\rishi\.m2\repository\org\springframework\security\spring-security-core\6.2.0\spring-security-core-6.2.0.jar;C:\Users\rishi\.m2\repository\org\springframework\security\spring-security-crypto\6.2.0\spring-security-crypto-6.2.0.jar;C:\Users\rishi\.m2\repository\org\springframework\boot\spring-boot-devtools\3.2.0\spring-boot-devtools-3.2.0.jar;C:\Users\rishi\.m2\repository\org\springframework\boot\spring-boot\3.2.0\spring-boot-3.2.0.jar;C:\Users\rishi\.m2\repository\org\springframework\boot\spring-boot-autoconfigure\3.2.0\spring-boot-autoconfigure-3.2.0.jar;"/>
    <property name="java.vm.vendor" value="Oracle Corporation"/>
    <property name="sun.arch.data.model" value="64"/>
    <property name="user.variant" value=""/>
    <property name="java.vendor.url" value="https://java.oracle.com/"/>
    <property name="user.timezone" value="Asia/Calcutta"/>
    <property name="org.jboss.logging.provider" value="slf4j"/>
    <property name="os.name" value="Windows 11"/>
    <property name="java.vm.specification.version" value="17"/>
    <property name="sun.java.launcher" value="SUN_STANDARD"/>
    <property name="user.country" value="US"/>
    <property name="sun.boot.library.path" value="C:\Program Files\Java\jdk-17\bin"/>
    <property name="sun.java.command" value="C:\Users\rishi\AppData\Local\Temp\surefire12672981358479548058\surefirebooter-20250823190314500_3.jar C:\Users\rishi\AppData\Local\Temp\surefire12672981358479548058 2025-08-23T19-03-14_168-jvmRun1 surefire-20250823190314500_1tmp surefire_0-20250823190314500_2tmp"/>
    <property name="jdk.debug" value="release"/>
    <property name="surefire.test.class.path" value="C:\Users\rishi\Documents\gymproject\Backend\target\test-classes;C:\Users\rishi\Documents\gymproject\Backend\target\classes;C:\Users\rishi\.m2\repository\org\springframework\boot\spring-boot-starter-web\3.2.0\spring-boot-starter-web-3.2.0.jar;C:\Users\rishi\.m2\repository\org\springframework\boot\spring-boot-starter\3.2.0\spring-boot-starter-3.2.0.jar;C:\Users\rishi\.m2\repository\org\springframework\boot\spring-boot-starter-logging\3.2.0\spring-boot-starter-logging-3.2.0.jar;C:\Users\rishi\.m2\repository\ch\qos\logback\logback-classic\1.4.11\logback-classic-1.4.11.jar;C:\Users\rishi\.m2\repository\ch\qos\logback\logback-core\1.4.11\logback-core-1.4.11.jar;C:\Users\rishi\.m2\repository\org\apache\logging\log4j\log4j-to-slf4j\2.21.1\log4j-to-slf4j-2.21.1.jar;C:\Users\rishi\.m2\repository\org\apache\logging\log4j\log4j-api\2.21.1\log4j-api-2.21.1.jar;C:\Users\rishi\.m2\repository\org\slf4j\jul-to-slf4j\2.0.9\jul-to-slf4j-2.0.9.jar;C:\Users\rishi\.m2\repository\jakarta\annotation\jakarta.annotation-api\2.1.1\jakarta.annotation-api-2.1.1.jar;C:\Users\rishi\.m2\repository\org\yaml\snakeyaml\2.2\snakeyaml-2.2.jar;C:\Users\rishi\.m2\repository\org\springframework\boot\spring-boot-starter-json\3.2.0\spring-boot-starter-json-3.2.0.jar;C:\Users\rishi\.m2\repository\com\fasterxml\jackson\datatype\jackson-datatype-jdk8\2.15.3\jackson-datatype-jdk8-2.15.3.jar;C:\Users\rishi\.m2\repository\com\fasterxml\jackson\datatype\jackson-datatype-jsr310\2.15.3\jackson-datatype-jsr310-2.15.3.jar;C:\Users\rishi\.m2\repository\com\fasterxml\jackson\module\jackson-module-parameter-names\2.15.3\jackson-module-parameter-names-2.15.3.jar;C:\Users\rishi\.m2\repository\org\springframework\boot\spring-boot-starter-tomcat\3.2.0\spring-boot-starter-tomcat-3.2.0.jar;C:\Users\rishi\.m2\repository\org\apache\tomcat\embed\tomcat-embed-core\10.1.16\tomcat-embed-core-10.1.16.jar;C:\Users\rishi\.m2\repository\org\apache\tomcat\embed\tomcat-embed-websocket\10.1.16\tomcat-embed-websocket-10.1.16.jar;C:\Users\rishi\.m2\repository\org\springframework\spring-web\6.1.1\spring-web-6.1.1.jar;C:\Users\rishi\.m2\repository\org\springframework\spring-beans\6.1.1\spring-beans-6.1.1.jar;C:\Users\rishi\.m2\repository\io\micrometer\micrometer-observation\1.12.0\micrometer-observation-1.12.0.jar;C:\Users\rishi\.m2\repository\io\micrometer\micrometer-commons\1.12.0\micrometer-commons-1.12.0.jar;C:\Users\rishi\.m2\repository\org\springframework\spring-webmvc\6.1.1\spring-webmvc-6.1.1.jar;C:\Users\rishi\.m2\repository\org\springframework\spring-context\6.1.1\spring-context-6.1.1.jar;C:\Users\rishi\.m2\repository\org\springframework\spring-expression\6.1.1\spring-expression-6.1.1.jar;C:\Users\rishi\.m2\repository\org\springframework\boot\spring-boot-starter-data-jpa\3.2.0\spring-boot-starter-data-jpa-3.2.0.jar;C:\Users\rishi\.m2\repository\org\springframework\boot\spring-boot-starter-aop\3.2.0\spring-boot-starter-aop-3.2.0.jar;C:\Users\rishi\.m2\repository\org\aspectj\aspectjweaver\1.9.20.1\aspectjweaver-1.9.20.1.jar;C:\Users\rishi\.m2\repository\org\springframework\boot\spring-boot-starter-jdbc\3.2.0\spring-boot-starter-jdbc-3.2.0.jar;C:\Users\rishi\.m2\repository\com\zaxxer\HikariCP\5.0.1\HikariCP-5.0.1.jar;C:\Users\rishi\.m2\repository\org\springframework\spring-jdbc\6.1.1\spring-jdbc-6.1.1.jar;C:\Users\rishi\.m2\repository\org\hibernate\orm\hibernate-core\6.3.1.Final\hibernate-core-6.3.1.Final.jar;C:\Users\rishi\.m2\repository\jakarta\persistence\jakarta.persistence-api\3.1.0\jakarta.persistence-api-3.1.0.jar;C:\Users\rishi\.m2\repository\jakarta\transaction\jakarta.transaction-api\2.0.1\jakarta.transaction-api-2.0.1.jar;C:\Users\rishi\.m2\repository\org\jboss\logging\jboss-logging\3.5.3.Final\jboss-logging-3.5.3.Final.jar;C:\Users\rishi\.m2\repository\org\hibernate\common\hibernate-commons-annotations\6.0.6.Final\hibernate-commons-annotations-6.0.6.Final.jar;C:\Users\rishi\.m2\repository\io\smallrye\jandex\3.1.2\jandex-3.1.2.jar;C:\Users\rishi\.m2\repository\com\fasterxml\classmate\1.6.0\classmate-1.6.0.jar;C:\Users\rishi\.m2\repository\net\bytebuddy\byte-buddy\1.14.10\byte-buddy-1.14.10.jar;C:\Users\rishi\.m2\repository\org\glassfish\jaxb\jaxb-runtime\4.0.4\jaxb-runtime-4.0.4.jar;C:\Users\rishi\.m2\repository\org\glassfish\jaxb\jaxb-core\4.0.4\jaxb-core-4.0.4.jar;C:\Users\rishi\.m2\repository\org\eclipse\angus\angus-activation\2.0.1\angus-activation-2.0.1.jar;C:\Users\rishi\.m2\repository\org\glassfish\jaxb\txw2\4.0.4\txw2-4.0.4.jar;C:\Users\rishi\.m2\repository\com\sun\istack\istack-commons-runtime\4.1.2\istack-commons-runtime-4.1.2.jar;C:\Users\rishi\.m2\repository\jakarta\inject\jakarta.inject-api\2.0.1\jakarta.inject-api-2.0.1.jar;C:\Users\rishi\.m2\repository\org\antlr\antlr4-runtime\4.10.1\antlr4-runtime-4.10.1.jar;C:\Users\rishi\.m2\repository\org\springframework\data\spring-data-jpa\3.2.0\spring-data-jpa-3.2.0.jar;C:\Users\rishi\.m2\repository\org\springframework\data\spring-data-commons\3.2.0\spring-data-commons-3.2.0.jar;C:\Users\rishi\.m2\repository\org\springframework\spring-orm\6.1.1\spring-orm-6.1.1.jar;C:\Users\rishi\.m2\repository\org\springframework\spring-tx\6.1.1\spring-tx-6.1.1.jar;C:\Users\rishi\.m2\repository\org\slf4j\slf4j-api\2.0.9\slf4j-api-2.0.9.jar;C:\Users\rishi\.m2\repository\org\springframework\spring-aspects\6.1.1\spring-aspects-6.1.1.jar;C:\Users\rishi\.m2\repository\org\springframework\boot\spring-boot-starter-security\3.2.0\spring-boot-starter-security-3.2.0.jar;C:\Users\rishi\.m2\repository\org\springframework\spring-aop\6.1.1\spring-aop-6.1.1.jar;C:\Users\rishi\.m2\repository\org\springframework\security\spring-security-config\6.2.0\spring-security-config-6.2.0.jar;C:\Users\rishi\.m2\repository\org\springframework\security\spring-security-web\6.2.0\spring-security-web-6.2.0.jar;C:\Users\rishi\.m2\repository\org\springframework\boot\spring-boot-starter-validation\3.2.0\spring-boot-starter-validation-3.2.0.jar;C:\Users\rishi\.m2\repository\org\apache\tomcat\embed\tomcat-embed-el\10.1.16\tomcat-embed-el-10.1.16.jar;C:\Users\rishi\.m2\repository\org\hibernate\validator\hibernate-validator\8.0.1.Final\hibernate-validator-8.0.1.Final.jar;C:\Users\rishi\.m2\repository\jakarta\validation\jakarta.validation-api\3.0.2\jakarta.validation-api-3.0.2.jar;C:\Users\rishi\.m2\repository\com\h2database\h2\2.2.224\h2-2.2.224.jar;C:\Users\rishi\.m2\repository\io\jsonwebtoken\jjwt-api\0.12.3\jjwt-api-0.12.3.jar;C:\Users\rishi\.m2\repository\io\jsonwebtoken\jjwt-impl\0.12.3\jjwt-impl-0.12.3.jar;C:\Users\rishi\.m2\repository\io\jsonwebtoken\jjwt-jackson\0.12.3\jjwt-jackson-0.12.3.jar;C:\Users\rishi\.m2\repository\com\fasterxml\jackson\core\jackson-databind\2.15.3\jackson-databind-2.15.3.jar;C:\Users\rishi\.m2\repository\com\fasterxml\jackson\core\jackson-annotations\2.15.3\jackson-annotations-2.15.3.jar;C:\Users\rishi\.m2\repository\com\fasterxml\jackson\core\jackson-core\2.15.3\jackson-core-2.15.3.jar;C:\Users\rishi\.m2\repository\org\springdoc\springdoc-openapi-starter-webmvc-ui\2.2.0\springdoc-openapi-starter-webmvc-ui-2.2.0.jar;C:\Users\rishi\.m2\repository\org\springdoc\springdoc-openapi-starter-webmvc-api\2.2.0\springdoc-openapi-starter-webmvc-api-2.2.0.jar;C:\Users\rishi\.m2\repository\org\springdoc\springdoc-openapi-starter-common\2.2.0\springdoc-openapi-starter-common-2.2.0.jar;C:\Users\rishi\.m2\repository\io\swagger\core\v3\swagger-core-jakarta\2.2.15\swagger-core-jakarta-2.2.15.jar;C:\Users\rishi\.m2\repository\org\apache\commons\commons-lang3\3.13.0\commons-lang3-3.13.0.jar;C:\Users\rishi\.m2\repository\io\swagger\core\v3\swagger-annotations-jakarta\2.2.15\swagger-annotations-jakarta-2.2.15.jar;C:\Users\rishi\.m2\repository\io\swagger\core\v3\swagger-models-jakarta\2.2.15\swagger-models-jakarta-2.2.15.jar;C:\Users\rishi\.m2\repository\com\fasterxml\jackson\dataformat\jackson-dataformat-yaml\2.15.3\jackson-dataformat-yaml-2.15.3.jar;C:\Users\rishi\.m2\repository\org\webjars\swagger-ui\5.2.0\swagger-ui-5.2.0.jar;C:\Users\rishi\.m2\repository\org\springframework\boot\spring-boot-starter-webflux\3.2.0\spring-boot-starter-webflux-3.2.0.jar;C:\Users\rishi\.m2\repository\org\springframework\boot\spring-boot-starter-reactor-netty\3.2.0\spring-boot-starter-reactor-netty-3.2.0.jar;C:\Users\rishi\.m2\repository\io\projectreactor\netty\reactor-netty-http\1.1.13\reactor-netty-http-1.1.13.jar;C:\Users\rishi\.m2\repository\io\netty\netty-codec-http\4.1.101.Final\netty-codec-http-4.1.101.Final.jar;C:\Users\rishi\.m2\repository\io\netty\netty-common\4.1.101.Final\netty-common-4.1.101.Final.jar;C:\Users\rishi\.m2\repository\io\netty\netty-buffer\4.1.101.Final\netty-buffer-4.1.101.Final.jar;C:\Users\rishi\.m2\repository\io\netty\netty-transport\4.1.101.Final\netty-transport-4.1.101.Final.jar;C:\Users\rishi\.m2\repository\io\netty\netty-codec\4.1.101.Final\netty-codec-4.1.101.Final.jar;C:\Users\rishi\.m2\repository\io\netty\netty-handler\4.1.101.Final\netty-handler-4.1.101.Final.jar;C:\Users\rishi\.m2\repository\io\netty\netty-codec-http2\4.1.101.Final\netty-codec-http2-4.1.101.Final.jar;C:\Users\rishi\.m2\repository\io\netty\netty-resolver-dns\4.1.101.Final\netty-resolver-dns-4.1.101.Final.jar;C:\Users\rishi\.m2\repository\io\netty\netty-resolver\4.1.101.Final\netty-resolver-4.1.101.Final.jar;C:\Users\rishi\.m2\repository\io\netty\netty-codec-dns\4.1.101.Final\netty-codec-dns-4.1.101.Final.jar;C:\Users\rishi\.m2\repository\io\netty\netty-resolver-dns-native-macos\4.1.101.Final\netty-resolver-dns-native-macos-4.1.101.Final-osx-x86_64.jar;C:\Users\rishi\.m2\repository\io\netty\netty-resolver-dns-classes-macos\4.1.101.Final\netty-resolver-dns-classes-macos-4.1.101.Final.jar;C:\Users\rishi\.m2\repository\io\netty\netty-transport-native-epoll\4.1.101.Final\netty-transport-native-epoll-4.1.101.Final-linux-x86_64.jar;C:\Users\rishi\.m2\repository\io\netty\netty-transport-native-unix-common\4.1.101.Final\netty-transport-native-unix-common-4.1.101.Final.jar;C:\Users\rishi\.m2\repository\io\netty\netty-transport-classes-epoll\4.1.101.Final\netty-transport-classes-epoll-4.1.101.Final.jar;C:\Users\rishi\.m2\repository\io\projectreactor\netty\reactor-netty-core\1.1.13\reactor-netty-core-1.1.13.jar;C:\Users\rishi\.m2\repository\io\netty\netty-handler-proxy\4.1.101.Final\netty-handler-proxy-4.1.101.Final.jar;C:\Users\rishi\.m2\repository\io\netty\netty-codec-socks\4.1.101.Final\netty-codec-socks-4.1.101.Final.jar;C:\Users\rishi\.m2\repository\org\springframework\spring-webflux\6.1.1\spring-webflux-6.1.1.jar;C:\Users\rishi\.m2\repository\io\projectreactor\reactor-core\3.6.0\reactor-core-3.6.0.jar;C:\Users\rishi\.m2\repository\org\reactivestreams\reactive-streams\1.0.4\reactive-streams-1.0.4.jar;C:\Users\rishi\.m2\repository\org\springframework\boot\spring-boot-starter-test\3.2.0\spring-boot-starter-test-3.2.0.jar;C:\Users\rishi\.m2\repository\org\springframework\boot\spring-boot-test\3.2.0\spring-boot-test-3.2.0.jar;C:\Users\rishi\.m2\repository\org\springframework\boot\spring-boot-test-autoconfigure\3.2.0\spring-boot-test-autoconfigure-3.2.0.jar;C:\Users\rishi\.m2\repository\com\jayway\jsonpath\json-path\2.8.0\json-path-2.8.0.jar;C:\Users\rishi\.m2\repository\jakarta\xml\bind\jakarta.xml.bind-api\4.0.1\jakarta.xml.bind-api-4.0.1.jar;C:\Users\rishi\.m2\repository\jakarta\activation\jakarta.activation-api\2.1.2\jakarta.activation-api-2.1.2.jar;C:\Users\rishi\.m2\repository\net\minidev\json-smart\2.5.0\json-smart-2.5.0.jar;C:\Users\rishi\.m2\repository\net\minidev\accessors-smart\2.5.0\accessors-smart-2.5.0.jar;C:\Users\rishi\.m2\repository\org\ow2\asm\asm\9.3\asm-9.3.jar;C:\Users\rishi\.m2\repository\org\assertj\assertj-core\3.24.2\assertj-core-3.24.2.jar;C:\Users\rishi\.m2\repository\org\awaitility\awaitility\4.2.0\awaitility-4.2.0.jar;C:\Users\rishi\.m2\repository\org\hamcrest\hamcrest\2.2\hamcrest-2.2.jar;C:\Users\rishi\.m2\repository\org\junit\jupiter\junit-jupiter\5.10.1\junit-jupiter-5.10.1.jar;C:\Users\rishi\.m2\repository\org\junit\jupiter\junit-jupiter-api\5.10.1\junit-jupiter-api-5.10.1.jar;C:\Users\rishi\.m2\repository\org\opentest4j\opentest4j\1.3.0\opentest4j-1.3.0.jar;C:\Users\rishi\.m2\repository\org\junit\platform\junit-platform-commons\1.10.1\junit-platform-commons-1.10.1.jar;C:\Users\rishi\.m2\repository\org\apiguardian\apiguardian-api\1.1.2\apiguardian-api-1.1.2.jar;C:\Users\rishi\.m2\repository\org\junit\jupiter\junit-jupiter-params\5.10.1\junit-jupiter-params-5.10.1.jar;C:\Users\rishi\.m2\repository\org\junit\jupiter\junit-jupiter-engine\5.10.1\junit-jupiter-engine-5.10.1.jar;C:\Users\rishi\.m2\repository\org\junit\platform\junit-platform-engine\1.10.1\junit-platform-engine-1.10.1.jar;C:\Users\rishi\.m2\repository\org\mockito\mockito-core\5.7.0\mockito-core-5.7.0.jar;C:\Users\rishi\.m2\repository\net\bytebuddy\byte-buddy-agent\1.14.10\byte-buddy-agent-1.14.10.jar;C:\Users\rishi\.m2\repository\org\objenesis\objenesis\3.3\objenesis-3.3.jar;C:\Users\rishi\.m2\repository\org\mockito\mockito-junit-jupiter\5.7.0\mockito-junit-jupiter-5.7.0.jar;C:\Users\rishi\.m2\repository\org\skyscreamer\jsonassert\1.5.1\jsonassert-1.5.1.jar;C:\Users\rishi\.m2\repository\com\vaadin\external\google\android-json\0.0.20131108.vaadin1\android-json-0.0.20131108.vaadin1.jar;C:\Users\rishi\.m2\repository\org\springframework\spring-core\6.1.1\spring-core-6.1.1.jar;C:\Users\rishi\.m2\repository\org\springframework\spring-jcl\6.1.1\spring-jcl-6.1.1.jar;C:\Users\rishi\.m2\repository\org\springframework\spring-test\6.1.1\spring-test-6.1.1.jar;C:\Users\rishi\.m2\repository\org\xmlunit\xmlunit-core\2.9.1\xmlunit-core-2.9.1.jar;C:\Users\rishi\.m2\repository\org\springframework\security\spring-security-test\6.2.0\spring-security-test-6.2.0.jar;C:\Users\rishi\.m2\repository\org\springframework\security\spring-security-core\6.2.0\spring-security-core-6.2.0.jar;C:\Users\rishi\.m2\repository\org\springframework\security\spring-security-crypto\6.2.0\spring-security-crypto-6.2.0.jar;C:\Users\rishi\.m2\repository\org\springframework\boot\spring-boot-devtools\3.2.0\spring-boot-devtools-3.2.0.jar;C:\Users\rishi\.m2\repository\org\springframework\boot\spring-boot\3.2.0\spring-boot-3.2.0.jar;C:\Users\rishi\.m2\repository\org\springframework\boot\spring-boot-autoconfigure\3.2.0\spring-boot-autoconfigure-3.2.0.jar;"/>
    <property name="test" value="MlProxyControllerTest"/>
    <property name="sun.cpu.endian" value="little"/>
    <property name="user.home" value="C:\Users\rishi"/>
    <property name="user.language" value="en"/>
    <property name="java.specification.vendor" value="Oracle Corporation"/>
    <property name="java.version.date" value="2024-07-16"/>
    <property name="java.home" value="C:\Program Files\Java\jdk-17"/>
    <property name="file.separator" value="\"/>
    <property name="basedir" value="C:\Users\rishi\Documents\gymproject\Backend"/>
    <property name="java.vm.compressedOopsMode" value="Zero based"/>
    <property name="line.separator" value="&#10;"/>
    <property name="java.vm.specification.vendor" value="Oracle Corporation"/>
    <property name="java.specification.name" value="Java Platform API Specification"/>
    <property name="FILE_LOG_CHARSET" value="windows-1252"/>
    <property name="java.awt.headless" value="true"/>
    <property name="surefire.real.class.path" value="C:\Users\rishi\AppData\Local\Temp\surefire12672981358479548058\surefirebooter-20250823190314500_3.jar"/>
    <property name="user.script" value=""/>
    <property name="sun.management.compiler" value="HotSpot 64-Bit Tiered Compilers"/>
    <property name="java.runtime.version" value="17.0.12+8-LTS-286"/>
    <property name="user.name" value="rishi"/>
    <property name="path.separator" value=";"/>
    <property name="os.version" value="10.0"/>
    <property name="java.runtime.name" value="Java(TM) SE Runtime Environment"/>
    <property name="file.encoding" value="Cp1252"/>
    <property name="java.vm.name" value="Java HotSpot(TM) 64-Bit Server VM"/>
    <property name="localRepository" value="C:\Users\rishi\.m2\repository"/>
    <property name="java.vendor.url.bug" value="https://bugreport.java.com/bugreport/"/>
    <property name="java.io.tmpdir" value="C:\Users\rishi\AppData\Local\Temp\"/>
    <property name="com.zaxxer.hikari.pool_number" value="1"/>
    <property name="java.version" value="17.0.12"/>
    <property name="user.dir" value="C:\Users\rishi\Documents\gymproject\Backend"/>
    <property name="os.arch" value="amd64"/>
    <property name="java.vm.specification.name" value="Java Virtual Machine Specification"/>
    <property name="PID" value="7648"/>
    <property name="sun.os.patch.level" value=""/>
    <property name="CONSOLE_LOG_CHARSET" value="windows-1252"/>
    <property name="native.encoding" value="Cp1252"/>
    <property name="java.library.path" value="C:\Program Files\Java\jdk-17\bin;C:\WINDOWS\Sun\Java\bin;C:\WINDOWS\system32;C:\WINDOWS;C:\Program Files\Common Files\Oracle\Java\javapath;C:\Users\rishi\AppData\Local\Programs\Python\Python313\Scripts\;C:\Users\rishi\AppData\Local\Programs\Python\Python313\;C:\Program Files\Python311\Scripts\;C:\Program Files\Python311\;C:\app\rishi\product\21c\dbhomeXE\bin;C:\ProgramData\Oracle\Java\javapath;C:\windows\system32;C:\windows;C:\windows\System32\Wbem;C:\windows\System32\WindowsPowerShell\v1.0\;C:\windows\System32\OpenSSH\;C:\Program Files\Microsoft SQL Server\150\Tools\Binn\;C:\Program Files\HP\HP One Agent;C:\Program Files\PuTTY\;C:\WINDOWS\system32;C:\WINDOWS;C:\WINDOWS\System32\Wbem;C:\WINDOWS\System32\WindowsPowerShell\v1.0\;C:\WINDOWS\System32\OpenSSH\;C:\Program Files\MATLAB\R2024b\runtime\win64;C:\Program Files\MATLAB\R2024b\bin;C:\Program Files\Git\cmd;c:\Users\rishi\AppData\Local\Programs\cursor\resources\app\bin;C:\Program Files\CMake\bin;C:\ProgramData\chocolatey\bin;C:\Users\rishi\AppData\Local\nvm;c:\Users\rishi\AppData\Local\Programs\Trae\bin;C:\Program Files\Java\jdk-17\bin;C:\Program Files\MySQL\MySQL Server 8.0\bin;C:\Program Files\Docker\Docker\resources\bin;C:\Program Files\apache-maven-3.9.11\bin;C:\Program Files\nodejs\;C:\Program Files\MySQL\MySQL Shell 8.0\bin\;C:\Users\rishi\AppData\Local\Programs\Python\Python310\Scripts\;C:\Users\rishi\AppData\Local\Programs\Python\Python310\;C:\Users\rishi\AppData\Local\Programs\Python\Python313\Scripts\;C:\Users\rishi\AppData\Local\Programs\Python\Python313\;C:\Python\Python310\Scripts\;C:\Python\Python310\;C:\Users\rishi\AppData\Local\Microsoft\WindowsApps;C:\Program Files\JetBrains\PyCharm Community Edition 2024.3.1\bin;C:\Program Files\JetBrains\IntelliJ IDEA Community Edition 2023.1.2\bin;C:\Program Files\JetBrains\IntelliJ IDEA 2024.2.3\bin;C:\Users\rishi\PycharmProjects\ML\venv\Scripts;C:\Python\Python310\Scripts;C:\Program Files\JetBrains\PyCharm 2024.3\bin;C:\Users\rishi\AppData\Local\Programs\Microsoft VS Code\bin;C:\Users\rishi\AppData\Local\Programs\cursor\resources\app\bin;C:\Users\rishi\.dotnet\tools;C:\Users\rishi\AppData\Local\nvm;C:\nvm4w\nodejs;C:\Program Files\Java\jdk-17\bin;C:\Program Files\apache-maven-3.9.11\bin;C:\Users\rishi\AppData\Roaming\npm;c:\Users\rishi\AppData\Roaming\Code\User\globalStorage\github.copilot-chat\debugCommand;."/>
    <property name="java.vm.info" value="mixed mode, sharing"/>
    <property name="java.vendor" value="Oracle Corporation"/>
    <property name="java.vm.version" value="17.0.12+8-LTS-286"/>
    <property name="sun.io.unicode.encoding" value="UnicodeLittle"/>
    <property name="java.class.version" value="61.0"/>
    <property name="CONSOLE_LOG_PATTERN" value="%d{yyyy-MM-dd HH:mm:ss} - %msg%n"/>
    <property name="LOGGED_APPLICATION_NAME" value="[ai-fitness-backend] "/>
  </properties>
  <testcase name="mlHealth_returnsMlStatus" classname="com.fitness.aifitness.controller.MlProxyControllerTest" time="0.697">
    <system-out><![CDATA[19:03:15.443 [main] INFO org.springframework.test.context.support.AnnotationConfigContextLoaderUtils -- Could not detect default configuration classes for test class [com.fitness.aifitness.controller.MlProxyControllerTest]: MlProxyControllerTest does not declare any static, non-private, non-final, nested classes annotated with @Configuration.
19:03:15.649 [main] INFO org.springframework.boot.test.context.SpringBootTestContextBootstrapper -- Found @SpringBootConfiguration com.fitness.aifitness.AiFitnessApplication for test class com.fitness.aifitness.controller.MlProxyControllerTest
19:03:15.876 [main] INFO org.springframework.boot.devtools.restart.RestartApplicationListener -- Restart disabled due to context in which it is running

  .   ____          _            __ _ _
 /\\ / ___'_ __ _ _(_)_ __  __ _ \ \ \ \
( ( )\___ | '_ | '_| | '_ \/ _` | \ \ \ \
 \\/  ___)| |_)| | | | | || (_| |  ) ) ) )
  '  |____| .__|_| |_|_| |_\__, | / / / /
 =========|_|==============|___/=/_/_/_/
 :: Spring Boot ::                (v3.2.0)

2025-08-23 19:03:16 - Starting MlProxyControllerTest using Java 17.0.12 with PID 7648 (started by rishi in C:\Users\rishi\Documents\gymproject\Backend)
2025-08-23 19:03:16 - Running with Spring Boot v3.2.0, Spring v6.1.1
2025-08-23 19:03:16 - No active profile set, falling back to 1 default profile: "default"
2025-08-23 19:03:17 - Bootstrapping Spring Data JPA repositories in DEFAULT mode.
2025-08-23 19:03:17 - Finished Spring Data repository scanning in 192 ms. Found 5 JPA repository interfaces.
2025-08-23 19:03:18 - HHH000204: Processing PersistenceUnitInfo [name: default]
2025-08-23 19:03:18 - HHH000412: Hibernate ORM core version 6.3.1.Final
2025-08-23 19:03:18 - HHH000026: Second-level cache disabled
2025-08-23 19:03:19 - No LoadTimeWeaver setup: ignoring JPA class transformer
2025-08-23 19:03:19 - HikariPool-1 - Starting...
2025-08-23 19:03:19 - HikariPool-1 - Added connection conn0: url=jdbc:h2:mem:testdb user=SA
2025-08-23 19:03:19 - HikariPool-1 - Start completed.
2025-08-23 19:03:19 - HHH90000025: H2Dialect does not need to be specified explicitly using 'hibernate.dialect' (remove the property setting and it will be selected by default)
2025-08-23 19:03:20 - HHH000489: No JTA platform available (set 'hibernate.transaction.jta.platform' to enable JTA platform integration)
Hibernate: 
    drop table if exists chatbot_conversations cascade 
Hibernate: 
    drop table if exists nutrition_plans cascade 
Hibernate: 
    drop table if exists progress cascade 
Hibernate: 
    drop table if exists users cascade 
Hibernate: 
    drop table if exists workouts cascade 
Hibernate: 
    create table chatbot_conversations (
        confidence float(53),
        created_at timestamp(6),
        id bigint generated by default as identity,
        user_id bigint not null,
        bot_response varchar(255),
        entities varchar(255),
        intent varchar(255),
        session_id varchar(255),
        user_message varchar(255),
        primary key (id)
    )
Hibernate: 
    create table nutrition_plans (
        target_calories integer,
        target_carbs integer,
        target_fat integer,
        target_protein integer,
        created_at timestamp(6),
        end_date timestamp(6),
        id bigint generated by default as identity,
        start_date timestamp(6),
        updated_at timestamp(6),
        user_id bigint not null,
        dietary_restrictions varchar(255),
        goal varchar(255),
        meal_plan varchar(255),
        notes varchar(255),
        status varchar(255),
        primary key (id)
    )
Hibernate: 
    create table progress (
        body_fat_percentage float(53),
        muscle_mass float(53),
        weight float(53),
        created_at timestamp(6),
        id bigint generated by default as identity,
        recorded_date timestamp(6),
        user_id bigint not null,
        measurements varchar(255),
        notes varchar(255),
        progress_photos varchar(255),
        primary key (id)
    )
Hibernate: 
    create table users (
        age integer,
        experience_years integer,
        height float(53),
        weight float(53),
        created_at timestamp(6),
        id bigint generated by default as identity,
        updated_at timestamp(6),
        activity_level varchar(255),
        available_equipment varchar(255),
        email varchar(255) unique,
        first_name varchar(255),
        fitness_goal varchar(255),
        gender varchar(255),
        last_name varchar(255),
        password varchar(255),
        username varchar(255) unique,
        primary key (id)
    )
Hibernate: 
    create table workouts (
        duration integer,
        completed_date timestamp(6),
        created_at timestamp(6),
        id bigint generated by default as identity,
        scheduled_date timestamp(6),
        updated_at timestamp(6),
        user_id bigint not null,
        difficulty varchar(255),
        exercises varchar(255),
        muscle_groups varchar(255),
        notes varchar(255),
        status varchar(255),
        workout_type varchar(255),
        primary key (id)
    )
Hibernate: 
    alter table if exists chatbot_conversations 
       add constraint FK9i7r87gyh7dnbaocp5kw4dtfw 
       foreign key (user_id) 
       references users
Hibernate: 
    alter table if exists nutrition_plans 
       add constraint FKp24rwm221u5myvof88q7ybmtm 
       foreign key (user_id) 
       references users
Hibernate: 
    alter table if exists progress 
       add constraint FK7fyumbty8qgbd7sfbbjnqdo62 
       foreign key (user_id) 
       references users
Hibernate: 
    alter table if exists workouts 
       add constraint FKpf8ql3wbw2drijbk1ugfvki3d 
       foreign key (user_id) 
       references users
2025-08-23 19:03:20 - Initialized JPA EntityManagerFactory for persistence unit 'default'
2025-08-23 19:03:21 - spring.jpa.open-in-view is enabled by default. Therefore, database queries may be performed during view rendering. Explicitly configure spring.jpa.open-in-view to disable this warning
2025-08-23 19:03:21 - Will secure any request with [org.springframework.security.web.session.DisableEncodeUrlFilter@2438a038, org.springframework.security.web.context.request.async.WebAsyncManagerIntegrationFilter@50b010d4, org.springframework.security.web.context.SecurityContextHolderFilter@71d0ad00, org.springframework.security.web.header.HeaderWriterFilter@74214ac3, org.springframework.web.filter.CorsFilter@510d4d4b, org.springframework.security.web.authentication.logout.LogoutFilter@74b13aa, org.springframework.security.web.savedrequest.RequestCacheAwareFilter@2e549515, org.springframework.security.web.servletapi.SecurityContextHolderAwareRequestFilter@2c34ce24, org.springframework.security.web.authentication.AnonymousAuthenticationFilter@12f32f99, org.springframework.security.web.session.SessionManagementFilter@6238b10a, org.springframework.security.web.access.ExceptionTranslationFilter@59eb987a, org.springframework.security.web.access.intercept.AuthorizationFilter@3e7940b3]
2025-08-23 19:03:22 - Filter 'jwtAuthenticationFilter' configured for use
2025-08-23 19:03:22 - Initializing Spring TestDispatcherServlet ''
2025-08-23 19:03:22 - Initializing Servlet ''
2025-08-23 19:03:22 - Completed initialization in 0 ms
2025-08-23 19:03:23 - Started MlProxyControllerTest in 7.255 seconds (process running for 8.443)
2025-08-23 19:03:23 - Securing GET /api/integration/ml-health
2025-08-23 19:03:23 - Set SecurityContextHolder to anonymous SecurityContext
2025-08-23 19:03:23 - Secured GET /api/integration/ml-health
]]></system-out>
  </testcase>
</testsuite>